<?xml version="1.0" encoding="UTF-8"?>
<!-- Generated by org.testng.reporters.JUnitReportReporter -->
<testsuite skipped="1" hostname="Shree" name="TestNG.TestNG_KeyWord" tests="6" failures="0" timestamp="2022-06-23T18:11:49 IST" time="0.032" errors="0">
  <testcase name="Atul" time="0.000" classname="TestNG.TestNG_KeyWord"/>
  <system-out/>
  <testcase name="Atul" time="0.015" classname="TestNG.TestNG_KeyWord"/>
  <system-out/>
  <testcase name="Atul" time="0.000" classname="TestNG.TestNG_KeyWord"/>
  <system-out/>
  <testcase name="Atul" time="0.000" classname="TestNG.TestNG_KeyWord"/>
  <system-out/>
  <testcase name="Atul" time="0.017" classname="TestNG.TestNG_KeyWord"/>
  <system-out/>
  <testcase name="varsha" classname="TestNG.TestNG_KeyWord">
    <skipped/>
  </testcase> <!-- varsha -->
  <system-out/>
</testsuite> <!-- TestNG.TestNG_KeyWord -->
