<?xml version="1.0" encoding="UTF-8"?>
<!-- Generated by org.testng.reporters.JUnitReportReporter -->
<testsuite skipped="0" hostname="Shree" name="TestNG.Annotation" tests="2" failures="0" timestamp="2022-06-23T12:58:25 IST" time="0.009" errors="0">
  <testcase name="valid_password" time="0.006" classname="TestNG.Annotation"/>
  <system-out>
    <![CDATA[Valid Password]]>
  </system-out>
  <testcase name="valid_user_Name" time="0.003" classname="TestNG.Annotation"/>
  <system-out>
    <![CDATA[Valid User Name]]>
  </system-out>
</testsuite> <!-- TestNG.Annotation -->
