<?xml version="1.0" encoding="UTF-8"?>
<!-- Generated by org.testng.reporters.JUnitReportReporter -->
<testsuite skipped="0" hostname="Shree" name="KiteBase.KiteProp" tests="1" failures="0" timestamp="2022-07-01T16:16:09 IST" time="8.813" errors="0">
  <testcase name="validateUserID" time="8.813" classname="KiteBase.KiteProp"/>
  <system-out/>
</testsuite> <!-- KiteBase.KiteProp -->
