<?xml version="1.0" encoding="UTF-8"?>
<!-- Generated by org.testng.reporters.JUnitReportReporter -->
<testsuite skipped="0" hostname="Shree" name="KitePOMUsingTestNG.TestTestNG" tests="1" failures="0" timestamp="2022-07-04T15:25:28 IST" time="7.314" errors="0">
  <testcase name="validateUserName" time="7.314" classname="KitePOMUsingTestNG.TestTestNG"/>
  <system-out>
    <![CDATA[Validating UserName
Actual and Expected UN are matching TC PASSED]]>
  </system-out>
</testsuite> <!-- KitePOMUsingTestNG.TestTestNG -->
