<?xml version="1.0" encoding="UTF-8"?>
<!-- Generated by org.testng.reporters.JUnitReportReporter -->
<testsuite skipped="0" hostname="Shree" name="TestNG.Keys1" tests="5" failures="0" timestamp="2022-06-23T12:30:20 IST" time="0.024" errors="0">
  <testcase name="varsha" time="0.003" classname="TestNG.Keys1"/>
  <system-out/>
  <testcase name="Atul" time="0.012" classname="TestNG.Keys1"/>
  <system-out/>
  <testcase name="Rohit" time="0.003" classname="TestNG.Keys1"/>
  <system-out/>
  <testcase name="Rohan" time="0.002" classname="TestNG.Keys1"/>
  <system-out/>
  <testcase name="Pooja" time="0.004" classname="TestNG.Keys1"/>
  <system-out/>
</testsuite> <!-- TestNG.Keys1 -->
